<project>
    <actions/>
    <description>
        This is an acceptance test job for Jenkins. The test that creates
        and triggers this job will assert that it completes successfully
        within a given amount of time. This job runs a shell script that
        sleeps for 30 seconds before exiting with a status code of 0
        (success).
    </description>
    <keepDependencies>false</keepDependencies>
    <properties>
        <com.sonyericsson.rebuild.RebuildSettings plugin="rebuild">
            <autoRebuild>false</autoRebuild>
            <rebuildDisabled>false</rebuildDisabled>
        </com.sonyericsson.rebuild.RebuildSettings>
    </properties>
    <scm class="hudson.scm.NullSCM"/>
    <canRoam>true</canRoam>
    <disabled>false</disabled>
    <blockBuildWhenDownstreamBuilding>false</blockBuildWhenDownstreamBuilding>
    <blockBuildWhenUpstreamBuilding>false</blockBuildWhenUpstreamBuilding>
    <triggers/>
    <concurrentBuild>false</concurrentBuild>
    <builders>
        <hudson.tasks.Shell>
            <command>sleep 30; exit 0</command>
        </hudson.tasks.Shell>
    </builders>
    <publishers/>
    <buildWrappers>
        <org.jenkinsci.plugins.mesos.MesosSingleUseSlave plugin="mesos"/>
    </buildWrappers>
</project>
